-------------------------------------------------------------------------------
Test set: com.controller.UserControllerTest
-------------------------------------------------------------------------------
Tests run: 4, Failures: 1, Errors: 0, Skipped: 0, Time elapsed: 11.561 s <<< FAILURE! - in com.controller.UserControllerTest
getAllEntityList(com.controller.UserControllerTest)  Time elapsed: 0.058 s  <<< FAILURE!
java.lang.AssertionError: expected:<200> but was:<405>
	at com.controller.UserControllerTest.getAllEntityList(UserControllerTest.java:82)

