<?xml version="1.0" encoding="UTF-8"?>
<testsuite xmlns:xsi="http://www.w3.org/2001/XMLSchema-instance" xsi:noNamespaceSchemaLocation="https://maven.apache.org/surefire/maven-surefire-plugin/xsd/surefire-test-report.xsd" name="com.controller.UserControllerTest" time="11.561" tests="4" errors="0" skipped="0" failures="1">
  <properties>
[...]
</properties>
  <testcase name="updateEntity" classname="com.controller.UserControllerTest" time="1.029"/>
  <testcase name="deleteEntity" classname="com.controller.UserControllerTest" time="0.046"/>
  <testcase name="createEntity" classname="com.controller.UserControllerTest" time="0.039"/>
  <testcase name="getAllEntityList" classname="com.controller.UserControllerTest" time="0.058">
    <failure message="expected:&lt;200&gt; but was:&lt;405&gt;" type="java.lang.AssertionError"><![CDATA[java.lang.AssertionError: expected:<200> but was:<405>
	at com.controller.UserControllerTest.getAllEntityList(UserControllerTest.java:82)
]]></failure>
    <system-out><![CDATA[2019-04-24 12:25:21.019  INFO 5076 --- [           main] o.s.b.t.m.w.SpringBootMockServletContext : Initializing Spring FrameworkServlet ''
2019-04-24 12:25:21.020  INFO 5076 --- [           main] o.s.t.web.servlet.TestDispatcherServlet  : FrameworkServlet '': initialization started
2019-04-24 12:25:21.024  INFO 5076 --- [           main] o.s.t.web.servlet.TestDispatcherServlet  : FrameworkServlet '': initialization completed in 4 ms
2019-04-24 12:25:21.025  INFO 5076 --- [           main] com.DAO.UserDaoTest                      : ------------Testing getAllEntity Method------------
2019-04-24 12:25:21.026  INFO 5076 --- [           main] com.DAO.UserDaoTest                      : ------------Constructing Utilisateur ------------
2019-04-24 12:25:21.026  INFO 5076 --- [           main] com.DAO.UserDaoTest                      : ------------Saving Utilisateur ------------
2019-04-24 12:25:21.029  INFO 5076 --- [           main] com.DAO.UserDaoTest                      : ------------Mocking Context Webservice ------------
2019-04-24 12:25:21.055  WARN 5076 --- [           main] o.s.web.servlet.PageNotFound             : Request method 'GET' not supported
2019-04-24 12:25:21.058  INFO 5076 --- [           main] com.DAO.UserDaoTest                      : ------------Getting HTTP Status ------------
2019-04-24 12:25:21.058  INFO 5076 --- [           main] com.DAO.UserDaoTest                      : ------------Verifying HTTP Status ------------
]]></system-out>
  </testcase>
</testsuite>